<?xml version="1.0" encoding="UTF-8"?>
<!-- Generated by org.testng.reporters.JUnitReportReporter -->
<testsuite hostname="LAPTOP-9896HFUG" failures="0" tests="1" name="testcases.OrangeHRM.LOGIN_Customer" time="27.788" errors="0" timestamp="2021-09-17T14:32:36 IST" skipped="0">
  <testcase classname="testcases.OrangeHRM.LOGIN_Customer" name="log" time="27.788"/>
  <system-out/>
</testsuite> <!-- testcases.OrangeHRM.LOGIN_Customer -->
