<?xml version="1.0" encoding="UTF-8"?>
<!-- Generated by org.testng.reporters.JUnitReportReporter -->
<testsuite hostname="LAPTOP-9896HFUG" failures="0" tests="1" name="testcases.Commerce.DDDRIVEN" time="14.612" errors="0" timestamp="2021-09-18T20:35:32 IST" skipped="0">
  <testcase classname="testcases.Commerce.DDDRIVEN" name="log" time="14.612"/>
  <system-out/>
</testsuite> <!-- testcases.Commerce.DDDRIVEN -->
