<?xml version="1.0" encoding="UTF-8"?>
<!-- Generated by org.testng.reporters.JUnitReportReporter -->
<testsuite hostname="LAPTOP-9896HFUG" failures="0" tests="1" name="resorces_Base.obb" time="0.017" errors="0" timestamp="2021-09-15T22:22:56 IST" skipped="0">
  <testcase classname="resorces_Base.obb" name="baselogin" time="0.017"/>
  <system-out/>
</testsuite> <!-- resorces_Base.obb -->
