<?xml version="1.0" encoding="UTF-8"?>
<!-- Generated by org.testng.reporters.JUnitReportReporter -->
<testsuite hostname="LAPTOP-9896HFUG" failures="0" tests="1" name="testcases.OrangeHRM.LOGIN" time="25.068" errors="0" timestamp="2021-09-16T19:48:27 IST" skipped="0">
  <testcase classname="testcases.OrangeHRM.LOGIN" name="log" time="25.068"/>
  <system-out/>
</testsuite> <!-- testcases.OrangeHRM.LOGIN -->
