<?xml version="1.0" encoding="UTF-8"?>
<!-- Generated by org.testng.reporters.JUnitReportReporter -->
<testsuite hostname="LAPTOP-9896HFUG" failures="0" tests="1" name="resorces.OrangeHRM.Reporting" time="1.062" errors="0" timestamp="2021-09-17T09:50:14 IST" skipped="0">
  <testcase classname="resorces.OrangeHRM.Reporting" name="extentreport" time="1.062"/>
  <system-out/>
</testsuite> <!-- resorces.OrangeHRM.Reporting -->
