<?xml version="1.0" encoding="UTF-8"?>
<!-- Generated by org.testng.reporters.JUnitReportReporter -->
<testsuite hostname="LAPTOP-9896HFUG" failures="0" tests="1" name="testcases.OrangeHRM.DDDRIVEN" time="10.834" errors="0" timestamp="2021-09-17T21:10:22 IST" skipped="0">
  <testcase classname="testcases.OrangeHRM.DDDRIVEN" name="log" time="10.834"/>
  <system-out/>
</testsuite> <!-- testcases.OrangeHRM.DDDRIVEN -->
