<?xml version="1.0" encoding="UTF-8"?>
<!-- Generated by org.testng.reporters.JUnitReportReporter -->
<testsuite hostname="LAPTOP-9896HFUG" failures="0" tests="1" name="testcases.Commerce.roles_Customer" time="23.319" errors="0" timestamp="2021-09-18T20:35:32 IST" skipped="0">
  <testcase classname="testcases.Commerce.roles_Customer" name="log3" time="23.319"/>
  <system-out/>
</testsuite> <!-- testcases.Commerce.roles_Customer -->
